DEPRECATED: The legacy builder is deprecated and will be removed in a future release.
            Install the buildx component to build images with BuildKit:
            https://docs.docker.com/go/buildx/

Sending build context to Docker daemon  892.9kB
Step 1/26 : FROM rust:1.90-slim as builder
 ---> d7e0639f4a4a
Step 2/26 : RUN apt-get update && apt-get install -y     pkg-config     libssl-dev     libpq-dev     ca-certificates     curl     && rm -rf /var/lib/apt/lists/*
 ---> Running in 34151964b082
Get:1 http://deb.debian.org/debian trixie InRelease [140 kB]
Get:2 http://deb.debian.org/debian trixie-updates InRelease [47.3 kB]
Get:3 http://deb.debian.org/debian-security trixie-security InRelease [43.4 kB]
Get:4 http://deb.debian.org/debian trixie/main amd64 Packages [9669 kB]
Get:5 http://deb.debian.org/debian trixie-updates/main amd64 Packages [5412 B]
Get:6 http://deb.debian.org/debian-security trixie-security/main amd64 Packages [53.8 kB]
Fetched 9959 kB in 1s (8349 kB/s)
Reading package lists...
Reading package lists...
Building dependency tree...
Reading state information...
ca-certificates is already the newest version (20250419).
The following additional packages will be installed:
  bash-completion krb5-locales libbrotli1 libcom-err2 libcurl4t64 libffi8
  libgnutls30t64 libgssapi-krb5-2 libk5crypto3 libkeyutils1 libkrb5-3
  libkrb5support0 libldap-common libldap2 libnghttp2-14 libnghttp3-9
  libp11-kit0 libpkgconf3 libpq5 libpsl5t64 librtmp1 libsasl2-2
  libsasl2-modules libsasl2-modules-db libssh2-1t64 libssl3t64 libtasn1-6
  openssl openssl-provider-legacy pkgconf pkgconf-bin publicsuffix
Suggested packages:
  gnutls-bin krb5-doc krb5-user postgresql-doc-17 libsasl2-modules-gssapi-mit
  | libsasl2-modules-gssapi-heimdal libsasl2-modules-ldap libsasl2-modules-otp
  libsasl2-modules-sql libssl-doc
The following NEW packages will be installed:
  bash-completion curl krb5-locales libbrotli1 libcom-err2 libcurl4t64 libffi8
  libgnutls30t64 libgssapi-krb5-2 libk5crypto3 libkeyutils1 libkrb5-3
  libkrb5support0 libldap-common libldap2 libnghttp2-14 libnghttp3-9
  libp11-kit0 libpkgconf3 libpq-dev libpq5 libpsl5t64 librtmp1 libsasl2-2
  libsasl2-modules libsasl2-modules-db libssh2-1t64 libssl-dev libtasn1-6
  pkg-config pkgconf pkgconf-bin publicsuffix
The following packages will be upgraded:
  libssl3t64 openssl openssl-provider-legacy
3 upgraded, 33 newly installed, 0 to remove and 0 not upgraded.
Need to get 12.8 MB of archives.
After this operation, 34.3 MB of additional disk space will be used.
Get:1 http://deb.debian.org/debian-security trixie-security/main amd64 openssl-provider-legacy amd64 3.5.1-1+deb13u1 [307 kB]
Get:2 http://deb.debian.org/debian-security trixie-security/main amd64 libssl3t64 amd64 3.5.1-1+deb13u1 [2437 kB]
Get:3 http://deb.debian.org/debian trixie/main amd64 bash-completion all 1:2.16.0-7 [319 kB]
Get:4 http://deb.debian.org/debian trixie/main amd64 krb5-locales all 1.21.3-5 [101 kB]
Get:5 http://deb.debian.org/debian trixie/main amd64 libbrotli1 amd64 1.1.0-2+b7 [307 kB]
Get:6 http://deb.debian.org/debian trixie/main amd64 libkrb5support0 amd64 1.21.3-5 [33.0 kB]
Get:7 http://deb.debian.org/debian trixie/main amd64 libcom-err2 amd64 1.47.2-3+b3 [25.0 kB]
Get:8 http://deb.debian.org/debian trixie/main amd64 libk5crypto3 amd64 1.21.3-5 [81.5 kB]
Get:9 http://deb.debian.org/debian trixie/main amd64 libkeyutils1 amd64 1.6.3-6 [9456 B]
Get:10 http://deb.debian.org/debian trixie/main amd64 libkrb5-3 amd64 1.21.3-5 [326 kB]
Get:11 http://deb.debian.org/debian trixie/main amd64 libgssapi-krb5-2 amd64 1.21.3-5 [138 kB]
Get:12 http://deb.debian.org/debian trixie/main amd64 libsasl2-modules-db amd64 2.1.28+dfsg1-9 [19.8 kB]
Get:13 http://deb.debian.org/debian trixie/main amd64 libsasl2-2 amd64 2.1.28+dfsg1-9 [57.5 kB]
Get:14 http://deb.debian.org/debian trixie/main amd64 libldap2 amd64 2.6.10+dfsg-1 [194 kB]
Get:15 http://deb.debian.org/debian trixie/main amd64 libnghttp2-14 amd64 1.64.0-1.1 [76.0 kB]
Get:16 http://deb.debian.org/debian trixie/main amd64 libnghttp3-9 amd64 1.8.0-1 [67.7 kB]
Get:17 http://deb.debian.org/debian trixie/main amd64 libpsl5t64 amd64 0.21.2-1.1+b1 [57.2 kB]
Get:18 http://deb.debian.org/debian trixie/main amd64 libffi8 amd64 3.4.8-2 [24.1 kB]
Get:19 http://deb.debian.org/debian trixie/main amd64 libp11-kit0 amd64 0.25.5-3 [425 kB]
Get:20 http://deb.debian.org/debian trixie/main amd64 libtasn1-6 amd64 4.20.0-2 [49.9 kB]
Get:21 http://deb.debian.org/debian trixie/main amd64 libgnutls30t64 amd64 3.8.9-3 [1465 kB]
Get:22 http://deb.debian.org/debian trixie/main amd64 librtmp1 amd64 2.4+20151223.gitfa8646d.1-2+b5 [58.8 kB]
Get:23 http://deb.debian.org/debian trixie/main amd64 libssh2-1t64 amd64 1.11.1-1 [245 kB]
Get:24 http://deb.debian.org/debian trixie/main amd64 libcurl4t64 amd64 8.14.1-2 [391 kB]
Get:25 http://deb.debian.org/debian trixie/main amd64 curl amd64 8.14.1-2 [269 kB]
Get:26 http://deb.debian.org/debian trixie/main amd64 libldap-common all 2.6.10+dfsg-1 [35.1 kB]
Get:27 http://deb.debian.org/debian trixie/main amd64 libpkgconf3 amd64 1.8.1-4 [36.4 kB]
Get:28 http://deb.debian.org/debian trixie/main amd64 libpq5 amd64 17.6-0+deb13u1 [228 kB]
Get:29 http://deb.debian.org/debian-security trixie-security/main amd64 libssl-dev amd64 3.5.1-1+deb13u1 [2955 kB]
Get:30 http://deb.debian.org/debian trixie/main amd64 libpq-dev amd64 17.6-0+deb13u1 [150 kB]
Get:31 http://deb.debian.org/debian trixie/main amd64 libsasl2-modules amd64 2.1.28+dfsg1-9 [66.7 kB]
Get:32 http://deb.debian.org/debian-security trixie-security/main amd64 openssl amd64 3.5.1-1+deb13u1 [1494 kB]
Get:33 http://deb.debian.org/debian trixie/main amd64 pkgconf-bin amd64 1.8.1-4 [30.2 kB]
Get:34 http://deb.debian.org/debian trixie/main amd64 pkgconf amd64 1.8.1-4 [26.2 kB]
Get:35 http://deb.debian.org/debian trixie/main amd64 pkg-config amd64 1.8.1-4 [14.0 kB]
Get:36 http://deb.debian.org/debian trixie/main amd64 publicsuffix all 20250328.1952-0.1 [296 kB]
[91mdebconf: unable to initialize frontend: Dialog
debconf: (TERM is not set, so the dialog frontend is not usable.)
debconf: falling back to frontend: Readline
[0m[91mdebconf: unable to initialize frontend: Readline
debconf: (Can't locate Term/ReadLine.pm in @INC (you may need to install the Term::ReadLine module) (@INC entries checked: /etc/perl /usr/local/lib/x86_64-linux-gnu/perl/5.40.1 /usr/local/share/perl/5.40.1 /usr/lib/x86_64-linux-gnu/perl5/5.40 /usr/share/perl5 /usr/lib/x86_64-linux-gnu/perl-base /usr/lib/x86_64-linux-gnu/perl/5.40 /usr/share/perl/5.40 /usr/local/lib/site_perl) at /usr/share/perl5/Debconf/FrontEnd/Readline.pm line 8, <STDIN> line 36.)
debconf: falling back to frontend: Teletype
[0m[91mdebconf: unable to initialize frontend: Teletype
debconf: (This frontend requires a controlling tty.)
debconf: falling back to frontend: Noninteractive
[0mcontext canceled
